2017-11-04T08:08:21.445258Z mysqld_safe Logging to '/opt/bitnami/mysql/data/6de90a18c388.err'.
2017-11-04T08:08:21.477566Z mysqld_safe Starting mysqld daemon with databases from /opt/bitnami/mysql/data
mysqld: [Warning] World-writable config file '/opt/bitnami/mysql/conf/my.cnf' is ignored.
2017-11-04T08:08:21.909474Z 0 [Warning] TIMESTAMP with implicit DEFAULT value is deprecated. Please use --explicit_defaults_for_timestamp server option (see documentation for more details).
2017-11-04T08:08:21.910901Z 0 [Note] --secure-file-priv is set to NULL. Operations related to importing and exporting data are disabled
2017-11-04T08:08:21.910958Z 0 [Note] /opt/bitnami/mysql/bin/mysqld (mysqld 5.7.20) starting as process 119 ...
2017-11-04T08:08:21.928479Z 0 [Warning] Setting lower_case_table_names=2 because file system for /opt/bitnami/mysql/data/ is case insensitive
2017-11-04T08:08:21.937169Z 0 [Note] InnoDB: PUNCH HOLE support available
2017-11-04T08:08:21.937523Z 0 [Note] InnoDB: Mutexes and rw_locks use GCC atomic builtins
2017-11-04T08:08:21.937799Z 0 [Note] InnoDB: Uses event mutexes
2017-11-04T08:08:21.938034Z 0 [Note] InnoDB: GCC builtin __sync_synchronize() is used for memory barrier
2017-11-04T08:08:21.938261Z 0 [Note] InnoDB: Compressed tables use zlib 1.2.3
2017-11-04T08:08:21.938714Z 0 [Note] InnoDB: Using Linux native AIO
2017-11-04T08:08:21.939602Z 0 [Note] InnoDB: Number of pools: 1
2017-11-04T08:08:21.940153Z 0 [Note] InnoDB: Using CPU crc32 instructions
2017-11-04T08:08:21.944351Z 0 [Note] InnoDB: Initializing buffer pool, total size = 128M, instances = 1, chunk size = 128M
2017-11-04T08:08:21.965961Z 0 [Note] InnoDB: Completed initialization of buffer pool
2017-11-04T08:08:21.973655Z 0 [Note] InnoDB: If the mysqld execution user is authorized, page cleaner thread priority can be changed. See the man page of setpriority().
2017-11-04T08:08:22.026437Z 0 [Note] InnoDB: Highest supported file format is Barracuda.
2017-11-04T08:08:22.136149Z 0 [Note] InnoDB: Creating shared tablespace for temporary tables
2017-11-04T08:08:22.137739Z 0 [Note] InnoDB: Setting file './ibtmp1' size to 12 MB. Physically writing the file full; Please wait ...
2017-11-04T08:08:22.352368Z 0 [Note] InnoDB: File './ibtmp1' size is now 12 MB.
2017-11-04T08:08:22.391909Z 0 [Note] InnoDB: 96 redo rollback segment(s) found. 96 redo rollback segment(s) are active.
2017-11-04T08:08:22.392437Z 0 [Note] InnoDB: 32 non-redo rollback segment(s) are active.
2017-11-04T08:08:22.394006Z 0 [Note] InnoDB: 5.7.20 started; log sequence number 2602473
2017-11-04T08:08:22.396291Z 0 [Note] InnoDB: Loading buffer pool(s) from /bitnami/mysql/data/ib_buffer_pool
2017-11-04T08:08:22.409970Z 0 [Note] Plugin 'FEDERATED' is disabled.
2017-11-04T08:08:22.463792Z 0 [Warning] World-writable config file './auto.cnf' is ignored.
2017-11-04T08:08:22.466715Z 0 [Warning] World-writable config file './auto.cnf' has been removed.

2017-11-04T08:08:22.468660Z 0 [Note] Salting uuid generator variables, current_pid: 119, server_start_time: 1509782901, bytes_sent: 0, 
2017-11-04T08:08:22.469159Z 0 [Note] Generated uuid: '5366b54d-c137-11e7-be37-0242ac120005', server_start_time: 33495523738351084, bytes_sent: 57192704
2017-11-04T08:08:22.470216Z 0 [Warning] No existing UUID has been found, so we assume that this is the first time that this server has been started. Generating a new UUID: 5366b54d-c137-11e7-be37-0242ac120005.
2017-11-04T08:08:22.563286Z 0 [Warning] Failed to set up SSL because of the following SSL library error: SSL context is not usable without certificate and private key
2017-11-04T08:08:22.563910Z 0 [Note] Server hostname (bind-address): '*'; port: 3306
2017-11-04T08:08:22.564485Z 0 [Note] IPv6 is available.
2017-11-04T08:08:22.565102Z 0 [Note]   - '::' resolves to '::';
2017-11-04T08:08:22.565538Z 0 [Note] Server socket created on IP: '::'.
2017-11-04T08:08:22.599444Z 0 [Note] InnoDB: Buffer pool(s) load completed at 171104  8:08:22
2017-11-04T08:08:22.935097Z 0 [Note] Event Scheduler: Loaded 0 events
2017-11-04T08:08:22.935961Z 0 [Note] /opt/bitnami/mysql/bin/mysqld: ready for connections.
Version: '5.7.20'  socket: '/tmp/mysql.sock'  port: 3306  MySQL Community Server (GPL)
2017-11-04T08:08:22.936227Z 0 [Note] Executing 'SELECT * FROM INFORMATION_SCHEMA.TABLES;' to get a list of tables using the deprecated partition engine. You may use the startup option '--disable-partition-engine-check' to skip this check. 
2017-11-04T08:08:22.936518Z 0 [Note] Beginning of list of non-natively partitioned tables
2017-11-04T08:08:23.384029Z 0 [Note] End of list of non-natively partitioned tables
